<?xml version="1.0" encoding="UTF-8"?>
<testng-results ignored="0" total="2" passed="2" failed="0" skipped="0">
  <reporter-output>
  </reporter-output>
  <suite started-at="2024-12-30T20:31:46 IST" name="Default suite" finished-at="2024-12-30T20:32:38 IST" duration-ms="52600">
    <groups>
      <group name="cucumber">
        <method signature="AbstractTestNGCucumberTests.runScenario(io.cucumber.testng.PickleWrapper,io.cucumber.testng.FeatureWrapper)[pri:0, instance:TestRunner.Runnerfile@4722ef0c]" name="runScenario" class="io.cucumber.testng.AbstractTestNGCucumberTests"/>
      </group> <!-- cucumber -->
    </groups>
    <test started-at="2024-12-30T20:31:46 IST" name="Default test" finished-at="2024-12-30T20:32:38 IST" duration-ms="52600">
      <class name="TestRunner.Runnerfile">
        <test-method is-config="true" signature="setUpClass(org.testng.ITestContext)[pri:0, instance:TestRunner.Runnerfile@4722ef0c]" started-at="2024-12-30T20:31:46 IST" name="setUpClass" finished-at="2024-12-30T20:31:48 IST" duration-ms="1907" status="PASS">
          <params>
            <param index="0">
              <value>
                <![CDATA[org.testng.TestRunner@1537e43]]>
              </value>
            </param>
          </params>
          <reporter-output>
          </reporter-output>
        </test-method> <!-- setUpClass -->
        <test-method signature="runScenario(io.cucumber.testng.PickleWrapper,io.cucumber.testng.FeatureWrapper)[pri:0, instance:TestRunner.Runnerfile@4722ef0c]" started-at="2024-12-30T20:31:48 IST" name="runScenario" description="Runs Cucumber Scenarios" data-provider="scenarios" finished-at="2024-12-30T20:32:19 IST" duration-ms="30642" status="PASS">
          <params>
            <param index="0">
              <value>
                <![CDATA["To Validate that user is able to login with multiple login details"]]>
              </value>
            </param>
            <param index="1">
              <value>
                <![CDATA["Validate login feature"]]>
              </value>
            </param>
          </params>
          <reporter-output>
          </reporter-output>
        </test-method> <!-- runScenario -->
        <test-method signature="runScenario(io.cucumber.testng.PickleWrapper,io.cucumber.testng.FeatureWrapper)[pri:0, instance:TestRunner.Runnerfile@4722ef0c]" started-at="2024-12-30T20:32:19 IST" name="runScenario" description="Runs Cucumber Scenarios" data-provider="scenarios" finished-at="2024-12-30T20:32:38 IST" duration-ms="19066" status="PASS">
          <params>
            <param index="0">
              <value>
                <![CDATA["To Validate that user is able to login with multiple login details"]]>
              </value>
            </param>
            <param index="1">
              <value>
                <![CDATA["Validate login feature"]]>
              </value>
            </param>
          </params>
          <reporter-output>
          </reporter-output>
        </test-method> <!-- runScenario -->
        <test-method is-config="true" signature="tearDownClass()[pri:0, instance:TestRunner.Runnerfile@4722ef0c]" started-at="2024-12-30T20:32:38 IST" name="tearDownClass" finished-at="2024-12-30T20:32:38 IST" duration-ms="804" status="PASS">
          <reporter-output>
          </reporter-output>
        </test-method> <!-- tearDownClass -->
      </class> <!-- TestRunner.Runnerfile -->
    </test> <!-- Default test -->
  </suite> <!-- Default suite -->
</testng-results>
